[1/3] 사이트맵에서 문서 URL 수집
  1차 시도: https://developers.google.com/search/sitemap.xml
  [사이트맵 실패] https://developers.google.com/search/sitemap.xml -> 404 Client Error: Not Found for url: https://developers.google.com/search/sitemap.xml
  1차 결과 0개 -> 부족. 상위 사이트맵으로 재시도: https://developers.google.com/sitemap.xml
  사이트맵 인덱스 발견: https://developers.google.com/sitemap.xml -> 하위 40개
    [1/40] https://developers.google.com/sitemap_25_of_40.xml
    [2/40] https://developers.google.com/sitemap_5_of_40.xml
    [3/40] https://developers.google.com/sitemap_30_of_40.xml
    [4/40] https://developers.google.com/sitemap_2_of_40.xml
    [5/40] https://developers.google.com/sitemap_0_of_40.xml
    [6/40] https://developers.google.com/sitemap_28_of_40.xml
    [7/40] https://developers.google.com/sitemap_7_of_40.xml
    [8/40] https://developers.google.com/sitemap_27_of_40.xml
    [9/40] https://developers.google.com/sitemap_20_of_40.xml
    [10/40] https://developers.google.com/sitemap_32_of_40.xml
    [11/40] https://developers.google.com/sitemap_8_of_40.xml
    [12/40] https://developers.google.com/sitemap_39_of_40.xml
    [13/40] https://developers.google.com/sitemap_19_of_40.xml
    [14/40] https://developers.google.com/sitemap_15_of_40.xml
    [15/40] https://developers.google.com/sitemap_13_of_40.xml
    [16/40] https://developers.google.com/sitemap_37_of_40.xml
    [17/40] https://developers.google.com/sitemap_17_of_40.xml
    [18/40] https://developers.google.com/sitemap_10_of_40.xml
    [19/40] https://developers.google.com/sitemap_34_of_40.xml
    [20/40] https://developers.google.com/sitemap_22_of_40.xml
    [21/40] https://developers.google.com/sitemap_3_of_40.xml
    [22/40] https://developers.google.com/sitemap_31_of_40.xml
    [23/40] https://developers.google.com/sitemap_4_of_40.xml
    [24/40] https://developers.google.com/sitemap_24_of_40.xml
    [25/40] https://developers.google.com/sitemap_26_of_40.xml
    [26/40] https://developers.google.com/sitemap_6_of_40.xml
    [27/40] https://developers.google.com/sitemap_29_of_40.xml
    [28/40] https://developers.google.com/sitemap_1_of_40.xml
    [29/40] https://developers.google.com/sitemap_14_of_40.xml
    [30/40] https://developers.google.com/sitemap_18_of_40.xml
    [31/40] https://developers.google.com/sitemap_38_of_40.xml
    [32/40] https://developers.google.com/sitemap_9_of_40.xml
    [33/40] https://developers.google.com/sitemap_33_of_40.xml
    [34/40] https://developers.google.com/sitemap_21_of_40.xml
    [35/40] https://developers.google.com/sitemap_23_of_40.xml
    [36/40] https://developers.google.com/sitemap_35_of_40.xml
    [37/40] https://developers.google.com/sitemap_11_of_40.xml
    [38/40] https://developers.google.com/sitemap_16_of_40.xml
    [39/40] https://developers.google.com/sitemap_36_of_40.xml
    [40/40] https://developers.google.com/sitemap_12_of_40.xml
  원본 2931개 -> 언어 변형 중복 제거 후 156개

[2/3] 사이트맵 문서 156개 처리 (지연 1.0s)
  [25/156] 저장 누계 25개 (최근: search-central-docs\docs\appearance\spam-updates.md)
  [50/156] 저장 누계 50개 (최근: search-central-docs\docs\appearance\structured-data\product.md)
  [75/156] 저장 누계 75개 (최근: search-central-docs\docs\crawling-indexing\amp\enhance-amp.md)
  [102/156] 저장 누계 100개 (최근: search-central-docs\docs\crawling-indexing\site-move-with-url-changes.md)
  [127/156] 저장 누계 125개 (최근: search-central-docs\docs\fundamentals\using-gen-ai-content.md)
  [152/156] 저장 누계 150개 (최근: search-central-docs\docs\specialty\explicit\troubleshooting.md)

[보강 1] 링크에서 발견된 미저장 페이지 42개 처리
  [보강1 9/42] HTTP 404 https://developers.google.com/search/docs/appearance/structured-data/articl
  [보강1 38/42] 저장 누계 175개 (최근: search-central-docs\docs\crawling-indexing\ask-google-to-recrawl.md)
  [보강1 41/42] HTTP 404 https://developers.google.com/search/docs/monitor-debug/google-trends

[보강 2] 새로 발견된 미저장 페이지 없음 -> 종료

[3/3] 완료
  신규 저장: 178 / 기존·중복 건너뜀: 0 / 본문없음: 0 / 실패: 2
  폴더 내 .md 총 개수: 156
  위치: C:\Users\Necon\Downloads\Google Search Central\search-central-docs

  요청 실패 URL (삭제·이동된 문서일 수 있음):
    https://developers.google.com/search/docs/appearance/structured-data/articl?hl=ko -> HTTP 404
    https://developers.google.com/search/docs/monitor-debug/google-trends?hl=ko -> HTTP 404
